==========2018-10-18_18:42:02
PretreatmentProc :: 조건 대상이 없음
LearningProc :: 조건 대상이 없음
RealProc :: 조건 대상이 없음
==========2018-10-18_18:43:02
PretreatmentProc :: 조건 대상이 없음
LearningProc :: 조건 대상이 없음
RealProc :: 조건 대상이 없음
==========2018-10-18_18:44:02
PretreatmentProc :: 조건 대상이 없음
LearningProc :: 조건 대상이 없음
RealProc :: 조건 대상이 없음
==========2018-10-18_18:45:01
PretreatmentProc :: 조건 대상이 없음
LearningProc :: 조건 대상이 없음
RealProc :: 조건 대상이 없음
==========2018-10-18_18:46:01
PretreatmentProc :: 조건 대상이 없음
LearningProc :: 조건 대상이 없음
RealProc :: 조건 대상이 없음
==========2018-10-18_18:47:01
PretreatmentProc :: 조건 대상이 없음
LearningProc :: 조건 대상이 없음
RealProc :: 조건 대상이 없음
==========2018-10-18_18:48:01
PretreatmentProc :: 조건 대상이 없음
LearningProc :: 조건 대상이 없음
RealProc :: 조건 대상이 없음
==========2018-10-18_18:49:01
PretreatmentProc :: 조건 대상이 없음
LearningProc :: 조건 대상이 없음
RealProc :: 조건 대상이 없음
==========2018-10-18_18:50:01
PretreatmentProc :: 조건 대상이 없음
LearningProc :: 조건 대상이 없음
RealProc :: 조건 대상이 없음
==========2018-10-18_18:51:01
PretreatmentProc :: 조건 대상이 없음
LearningProc :: 조건 대상이 없음
RealProc :: 조건 대상이 없음
==========2018-10-18_18:52:01
PretreatmentProc :: 조건 대상이 없음
LearningProc :: 조건 대상이 없음
RealProc :: 조건 대상이 없음
==========2018-10-18_18:53:01
PretreatmentProc :: 조건 대상이 없음
LearningProc :: 조건 대상이 없음
RealProc :: 조건 대상이 없음
==========2018-10-18_18:54:01
PretreatmentProc :: 조건 대상이 없음
LearningProc :: 조건 대상이 없음
RealProc :: 조건 대상이 없음
==========2018-10-18_18:55:01
PretreatmentProc :: 조건 대상이 없음
LearningProc :: 조건 대상이 없음
RealProc :: 조건 대상이 없음
==========2018-10-18_18:56:01
PretreatmentProc :: 조건 대상이 없음
LearningProc :: 조건 대상이 없음
RealProc :: 조건 대상이 없음
==========2018-10-18_18:57:01
PretreatmentProc :: 조건 대상이 없음
LearningProc :: 조건 대상이 없음
RealProc :: 조건 대상이 없음
==========2018-10-18_18:58:01
PretreatmentProc :: 조건 대상이 없음
LearningProc :: 조건 대상이 없음
RealProc :: 조건 대상이 없음
==========2018-10-18_18:59:01
PretreatmentProc :: 조건 대상이 없음
LearningProc :: 조건 대상이 없음
RealProc :: 조건 대상이 없음
==========2018-10-18_19:00:01
PretreatmentProc :: 조건 대상이 없음
LearningProc :: 조건 대상이 없음
RealProc :: 조건 대상이 없음
==========2018-10-18_19:01:01
PretreatmentProc :: 조건 대상이 없음
LearningProc :: 조건 대상이 없음
RealProc :: 조건 대상이 없음
==========2018-10-18_19:02:01
==========2018-10-18_19:03:01
==========2018-10-18_19:04:01
selectCampaign SQL 오류 :: IO 오류: Connection reset :: select cam_id, adm_id, cam_itype, cam_ifilename, cam_otype, cam_ofilename, cam_rtype, cam_rfilename from ai_campaign where cam_itype in (1, 3)
PretreatmentProc :: 조건 대상이 없음
selectCampaign SQL 오류 :: IO 오류: Connection reset :: select cam_id, adm_id, cam_itype, cam_ifilename, cam_otype, cam_ofilename, cam_rtype, cam_rfilename from ai_campaign where cam_itype in (1, 3)
PretreatmentProc :: 조건 대상이 없음
PretreatmentProc :: 조건 대상이 없음
LearningProc :: 조건 대상이 없음
LearningProc :: 조건 대상이 없음
LearningProc :: 조건 대상이 없음
RealProc :: 조건 대상이 없음
RealProc :: 조건 대상이 없음
RealProc :: 조건 대상이 없음
==========2018-10-18_19:05:01
PretreatmentProc :: 조건 대상이 없음
LearningProc :: 조건 대상이 없음
RealProc :: 조건 대상이 없음
==========2018-10-18_19:06:01
PretreatmentProc :: 조건 대상이 없음
LearningProc :: 조건 대상이 없음
RealProc :: 조건 대상이 없음
==========2018-10-18_19:07:01
PretreatmentProc :: 조건 대상이 없음
LearningProc :: 조건 대상이 없음
RealProc :: 조건 대상이 없음
==========2018-10-18_19:08:01
PretreatmentProc :: 조건 대상이 없음
LearningProc :: 조건 대상이 없음
RealProc :: 조건 대상이 없음
==========2018-10-18_19:09:01
PretreatmentProc :: 조건 대상이 없음
LearningProc :: 조건 대상이 없음
RealProc :: 조건 대상이 없음
==========2018-10-18_19:10:01
PretreatmentProc :: 조건 대상이 있음
update_campaign :: update ai_campaign set cam_itype=2 where cam_id in (348)
Insert start :: 2018-10-18 19:10:02.970
cam_id :: 348
adm_id :: asdf
cam_itype :: 1
cam_ifilename :: /home/jji5636/CSV_DATA\asdf\55eeb3a0-2ce0-4aef-9094-5742502547fa_348_file_train
cam_otype :: 1
cam_ofilename :: /home/jji5636/CSV_DATA\asdf\55eeb3a0-2ce0-4aef-9094-5742502547fa_348_file_test
cam_rtype :: null
cam_rfilename :: null
icnum :: 0

java.io.FileNotFoundException: /home/jji5636/CSV_DATA\asdf\55eeb3a0-2ce0-4aef-9094-5742502547fa_348_file_train (그런 파일이나 디렉터리가 없습니다)
	at java.io.FileInputStream.open0(Native Method)
	at java.io.FileInputStream.open(FileInputStream.java:195)
	at java.io.FileInputStream.<init>(FileInputStream.java:138)
	at java.io.FileInputStream.<init>(FileInputStream.java:93)
	at com.ktds.crmai.proc.PretreatmentProc.PretreatmentProc(PretreatmentProc.java:59)
	at com.ktds.crmai.AppMain.main(AppMain.java:13)
update_campaign :: update ai_campaign set cam_itype=3, cam_icnum=0, cam_msg='PretreatmentProc :: /home/jji5636/CSV_DATA\asdf\55eeb3a0-2ce0-4aef-9094-5742502547fa_348_file_train (그런 파일이나 디렉터리가 없습니다)'  where cam_id = 348
LearningProc :: 조건 대상이 있음
update_campaign :: update ai_campaign set cam_otype=2 where cam_id in (348)
Insert start :: 2018-10-18 19:10:03.179
cam_id :: 348
adm_id :: asdf
cam_itype :: 3
cam_ifilename :: /home/jji5636/CSV_DATA\asdf\55eeb3a0-2ce0-4aef-9094-5742502547fa_348_file_train
cam_otype :: 1
cam_ofilename :: /home/jji5636/CSV_DATA\asdf\55eeb3a0-2ce0-4aef-9094-5742502547fa_348_file_test
cam_rtype :: null
cam_rfilename :: null
icnum :: 0

java.io.FileNotFoundException: /home/jji5636/CSV_DATA\asdf\55eeb3a0-2ce0-4aef-9094-5742502547fa_348_file_test (그런 파일이나 디렉터리가 없습니다)
	at java.io.FileInputStream.open0(Native Method)
	at java.io.FileInputStream.open(FileInputStream.java:195)
	at java.io.FileInputStream.<init>(FileInputStream.java:138)
	at java.io.FileInputStream.<init>(FileInputStream.java:93)
	at com.ktds.crmai.proc.LearningProc.LearningProc(LearningProc.java:58)
	at com.ktds.crmai.AppMain.main(AppMain.java:17)
update_campaign :: update ai_campaign set cam_otype=3, cam_msg='/home/jji5636/CSV_DATA\asdf\55eeb3a0-2ce0-4aef-9094-5742502547fa_348_file_test (그런 파일이나 디렉터리가 없습니다)'  where cam_id = 348
RealProc :: 조건 대상이 없음
==========2018-10-18_19:11:01
==========2018-10-18_19:12:01
==========2018-10-18_19:13:01
==========2018-10-18_19:14:01
==========2018-10-18_19:15:01
==========2018-10-18_19:16:01
