==========2018-10-18_19:03:41
---------------------------------------------------
Predict Start
---------------------------------------------------
Predict Campaign Not Found.
---------------------------------------------------
Process End
---------------------------------------------------
==========2018-10-18_19:03:42
---------------------------------------------------
Predict Start
---------------------------------------------------
Predict Campaign Not Found.
---------------------------------------------------
Process End
---------------------------------------------------
==========2018-10-18_19:03:43
---------------------------------------------------
Predict Start
---------------------------------------------------
Predict Campaign Not Found.
---------------------------------------------------
Process End
---------------------------------------------------
==========2018-10-18_19:03:44
---------------------------------------------------
Predict Start
---------------------------------------------------
Predict Campaign Not Found.
---------------------------------------------------
Process End
---------------------------------------------------
==========2018-10-18_19:03:45
---------------------------------------------------
Predict Start
---------------------------------------------------
Predict Campaign Not Found.
---------------------------------------------------
Process End
---------------------------------------------------
==========2018-10-18_19:03:46
---------------------------------------------------
Predict Start
---------------------------------------------------
Predict Campaign Not Found.
---------------------------------------------------
Process End
---------------------------------------------------
==========2018-10-18_19:03:47
---------------------------------------------------
Predict Start
---------------------------------------------------
Predict Campaign Not Found.
---------------------------------------------------
Process End
---------------------------------------------------
==========2018-10-18_19:08:01
---------------------------------------------------
Predict Start
---------------------------------------------------
Predict Campaign Not Found.
---------------------------------------------------
Process End
---------------------------------------------------
==========2018-10-18_19:09:01
---------------------------------------------------
Predict Start
---------------------------------------------------
Predict Campaign Not Found.
---------------------------------------------------
Process End
---------------------------------------------------
==========2018-10-18_19:10:01
---------------------------------------------------
Predict Start
---------------------------------------------------
Predict Campaign Not Found.
---------------------------------------------------
Process End
---------------------------------------------------
==========2018-10-18_19:11:01
---------------------------------------------------
Predict Start
---------------------------------------------------
Predict Campaign Not Found.
---------------------------------------------------
Process End
---------------------------------------------------
==========2018-10-18_19:12:01
---------------------------------------------------
Predict Start
---------------------------------------------------
Predict Campaign Not Found.
---------------------------------------------------
Process End
---------------------------------------------------
==========2018-10-18_19:13:01
---------------------------------------------------
Predict Start
---------------------------------------------------
Predict Campaign Not Found.
---------------------------------------------------
Process End
---------------------------------------------------
==========2018-10-18_19:14:01
---------------------------------------------------
Predict Start
---------------------------------------------------
Predict Campaign Not Found.
---------------------------------------------------
Process End
---------------------------------------------------
==========2018-10-18_19:15:01
---------------------------------------------------
Predict Start
---------------------------------------------------
Predict Campaign Not Found.
---------------------------------------------------
Process End
---------------------------------------------------
==========2018-10-18_19:16:01
---------------------------------------------------
Predict Start
---------------------------------------------------
Predict Campaign Not Found.
---------------------------------------------------
Process End
---------------------------------------------------
