==========2018-10-18_19:00:12
---------------------------------------------------
Train Start
---------------------------------------------------
Trainning Campaign Not Found.
---------------------------------------------------
Process End
---------------------------------------------------
==========2018-10-18_19:00:15
---------------------------------------------------
Train Start
---------------------------------------------------
Trainning Campaign Not Found.
---------------------------------------------------
Process End
---------------------------------------------------
==========2018-10-18_19:00:16
---------------------------------------------------
Train Start
---------------------------------------------------
Trainning Campaign Not Found.
---------------------------------------------------
Process End
---------------------------------------------------
==========2018-10-18_19:00:18
---------------------------------------------------
Train Start
---------------------------------------------------
Trainning Campaign Not Found.
---------------------------------------------------
Process End
---------------------------------------------------
==========2018-10-18_19:00:19
---------------------------------------------------
Train Start
---------------------------------------------------
Trainning Campaign Not Found.
---------------------------------------------------
Process End
---------------------------------------------------
==========2018-10-18_19:00:20
---------------------------------------------------
Train Start
---------------------------------------------------
Trainning Campaign Not Found.
---------------------------------------------------
Process End
---------------------------------------------------
==========2018-10-18_19:00:23
---------------------------------------------------
Train Start
---------------------------------------------------
Trainning Campaign Not Found.
---------------------------------------------------
Process End
---------------------------------------------------
==========2018-10-18_19:00:29
---------------------------------------------------
Train Start
---------------------------------------------------
Trainning Campaign Not Found.
---------------------------------------------------
Process End
---------------------------------------------------
==========2018-10-18_19:00:30
---------------------------------------------------
Train Start
---------------------------------------------------
Trainning Campaign Not Found.
---------------------------------------------------
Process End
---------------------------------------------------
==========2018-10-18_19:00:32
---------------------------------------------------
Train Start
---------------------------------------------------
Trainning Campaign Not Found.
---------------------------------------------------
Process End
---------------------------------------------------
==========2018-10-18_19:00:33
---------------------------------------------------
Train Start
---------------------------------------------------
Trainning Campaign Not Found.
---------------------------------------------------
Process End
---------------------------------------------------
==========2018-10-18_19:00:36
---------------------------------------------------
Train Start
---------------------------------------------------
Trainning Campaign Not Found.
---------------------------------------------------
Process End
---------------------------------------------------
==========2018-10-18_19:08:01
---------------------------------------------------
Train Start
---------------------------------------------------
Trainning Campaign Not Found.
---------------------------------------------------
Process End
---------------------------------------------------
==========2018-10-18_19:09:01
---------------------------------------------------
Train Start
---------------------------------------------------
Trainning Campaign Not Found.
---------------------------------------------------
Process End
---------------------------------------------------
==========2018-10-18_19:10:01
---------------------------------------------------
Train Start
---------------------------------------------------
Trainning Campaign Not Found.
---------------------------------------------------
Process End
---------------------------------------------------
==========2018-10-18_19:11:01
---------------------------------------------------
Train Start
---------------------------------------------------
Trainning Campaign Not Found.
---------------------------------------------------
Process End
---------------------------------------------------
==========2018-10-18_19:12:01
---------------------------------------------------
Train Start
---------------------------------------------------
Trainning Campaign Not Found.
---------------------------------------------------
Process End
---------------------------------------------------
==========2018-10-18_19:13:01
---------------------------------------------------
Train Start
---------------------------------------------------
Trainning Campaign Not Found.
---------------------------------------------------
Process End
---------------------------------------------------
==========2018-10-18_19:14:01
---------------------------------------------------
Train Start
---------------------------------------------------
Trainning Campaign Not Found.
---------------------------------------------------
Process End
---------------------------------------------------
==========2018-10-18_19:15:01
---------------------------------------------------
Train Start
---------------------------------------------------
Trainning Campaign Not Found.
---------------------------------------------------
Process End
---------------------------------------------------
==========2018-10-18_19:16:01
---------------------------------------------------
Train Start
---------------------------------------------------
Trainning Campaign Not Found.
---------------------------------------------------
Process End
---------------------------------------------------
